2024-04-03 15:13:16,628: agent has accepted the new measurement at step 0!
2024-04-03 15:13:16,816: agent has accepted the new measurement at step 1!
2024-04-03 15:13:17,007: agent has accepted the new measurement at step 2!
2024-04-03 15:13:17,193: agent has accepted the new measurement at step 3!
2024-04-03 15:13:17,378: agent has accepted the new measurement at step 4!
2024-04-03 15:13:18,454: agent has accepted the new task GO TO TARGETS at step 5!
2024-04-03 15:13:18,709: agent has accepted the new measurement at step 5!
2024-04-03 15:13:18,946: agent has accepted the new measurement at step 6!
2024-04-03 15:13:19,190: agent has accepted the new measurement at step 7!
2024-04-03 15:13:19,420: agent has accepted the new measurement at step 8!
2024-04-03 15:13:19,650: agent has accepted the new measurement at step 9!
2024-04-03 15:13:19,898: agent has accepted the new measurement at step 10!
2024-04-03 15:13:20,126: agent has accepted the new measurement at step 11!
2024-04-03 15:13:20,356: agent has accepted the new measurement at step 12!
2024-04-03 15:13:20,589: agent has accepted the new measurement at step 13!
2024-04-03 15:13:20,815: agent has accepted the new measurement at step 14!
2024-04-03 15:13:21,380: agent has accepted the new task CHARGING at step 15!
2024-04-03 15:13:21,673: agent has accepted the new measurement at step 15!
2024-04-03 15:13:21,868: agent has rejected the new measurement at step 16!
2024-04-03 15:13:22,054: agent has rejected the new measurement at step 17!
2024-04-03 15:13:22,319: agent has accepted the new measurement at step 18!
2024-04-03 15:13:22,613: agent has accepted the new measurement at step 19!
2024-04-03 15:13:24,141: agent has accepted the new task GO HOME at step 20!
2024-04-03 15:13:24,350: agent has accepted the new measurement at step 20!
2024-04-03 15:13:24,551: agent has accepted the new measurement at step 21!
2024-04-03 15:13:24,753: agent has accepted the new measurement at step 22!
2024-04-03 15:13:24,953: agent has accepted the new measurement at step 23!
2024-04-03 15:13:25,158: agent has accepted the new measurement at step 24!
2024-04-03 15:13:25,352: agent has rejected the new measurement at step 25!
2024-04-03 15:13:25,551: agent has accepted the new measurement at step 26!
2024-04-03 15:13:25,750: agent has accepted the new measurement at step 27!
2024-04-03 15:13:25,950: agent has accepted the new measurement at step 28!
2024-04-03 15:13:26,154: agent has accepted the new measurement at step 29!
2024-04-03 15:13:26,353: agent has accepted the new measurement at step 30!
2024-04-03 15:13:26,559: agent has accepted the new measurement at step 31!
2024-04-03 15:13:26,754: agent has rejected the new measurement at step 32!
2024-04-03 15:13:26,949: agent has rejected the new measurement at step 33!
2024-04-03 15:13:27,149: agent has accepted the new measurement at step 34!
2024-04-03 15:13:27,344: agent has rejected the new measurement at step 35!
2024-04-03 15:13:27,545: agent has accepted the new measurement at step 36!
2024-04-03 15:13:27,746: agent has accepted the new measurement at step 37!
2024-04-03 15:13:27,947: agent has accepted the new measurement at step 38!
2024-04-03 15:13:28,149: agent has accepted the new measurement at step 39!
