2024-04-04 12:57:46,973: agent has accepted the new measurement at step 0!
2024-04-04 12:57:47,117: agent has accepted the new measurement at step 1!
2024-04-04 12:57:47,249: agent has accepted the new measurement at step 2!
2024-04-04 12:57:47,416: agent has accepted the new measurement at step 3!
2024-04-04 12:57:47,566: agent has accepted the new measurement at step 4!
2024-04-04 12:57:48,391: agent has accepted the new task GO TO TARGETS at step 5!
2024-04-04 12:57:48,610: agent has accepted the new measurement at step 5!
2024-04-04 12:57:48,798: agent has accepted the new measurement at step 6!
2024-04-04 12:57:49,000: agent has accepted the new measurement at step 7!
2024-04-04 12:57:49,218: agent has accepted the new measurement at step 8!
2024-04-04 12:57:49,432: agent has accepted the new measurement at step 9!
2024-04-04 12:57:49,664: agent has accepted the new measurement at step 10!
2024-04-04 12:57:49,865: agent has accepted the new measurement at step 11!
2024-04-04 12:57:50,079: agent has accepted the new measurement at step 12!
2024-04-04 12:57:50,265: agent has accepted the new measurement at step 13!
2024-04-04 12:57:50,447: agent has accepted the new measurement at step 14!
2024-04-04 12:57:50,931: agent has accepted the new task CHARGING at step 15!
2024-04-04 12:57:51,172: agent has accepted the new measurement at step 15!
2024-04-04 12:57:51,327: agent has rejected the new measurement at step 16!
2024-04-04 12:57:51,493: agent has rejected the new measurement at step 17!
2024-04-04 12:57:51,706: agent has accepted the new measurement at step 18!
2024-04-04 12:57:51,924: agent has accepted the new measurement at step 19!
2024-04-04 12:57:53,110: agent has accepted the new task GO HOME at step 20!
2024-04-04 12:57:53,280: agent has accepted the new measurement at step 20!
2024-04-04 12:57:53,427: agent has accepted the new measurement at step 21!
2024-04-04 12:57:53,595: agent has accepted the new measurement at step 22!
2024-04-04 12:57:53,760: agent has accepted the new measurement at step 23!
2024-04-04 12:57:53,926: agent has accepted the new measurement at step 24!
2024-04-04 12:57:54,061: agent has rejected the new measurement at step 25!
2024-04-04 12:57:54,226: agent has accepted the new measurement at step 26!
2024-04-04 12:57:54,376: agent has accepted the new measurement at step 27!
2024-04-04 12:57:54,526: agent has accepted the new measurement at step 28!
2024-04-04 12:57:54,676: agent has accepted the new measurement at step 29!
2024-04-04 12:57:54,874: agent has accepted the new measurement at step 30!
2024-04-04 12:57:55,027: agent has accepted the new measurement at step 31!
2024-04-04 12:57:55,175: agent has rejected the new measurement at step 32!
2024-04-04 12:57:55,327: agent has rejected the new measurement at step 33!
2024-04-04 12:57:55,492: agent has accepted the new measurement at step 34!
2024-04-04 12:57:55,642: agent has rejected the new measurement at step 35!
2024-04-04 12:57:55,807: agent has accepted the new measurement at step 36!
2024-04-04 12:57:55,958: agent has accepted the new measurement at step 37!
2024-04-04 12:57:56,109: agent has accepted the new measurement at step 38!
2024-04-04 12:57:56,259: agent has accepted the new measurement at step 39!
